<?xml version="1.0" encoding="UTF-8"?>
<!-- Generated by org.testng.reporters.JUnitReportReporter -->
<testsuite hostname="LAPTOP-K54J0SNB" failures="0" tests="1" name="javaExercise.TestNgDemo" time="0.026" errors="0" timestamp="2021-07-17T23:36:16 IST" skipped="0">
  <testcase classname="javaExercise.TestNgDemo" name="launchGoogle" time="0.026"/>
  <system-out/>
</testsuite> <!-- javaExercise.TestNgDemo -->
